# JRE version: OpenJDK Runtime Environment (8.0_152-b01) (build 1.8.0_152-release-915-b01)
# Java VM: OpenJDK 64-Bit Server VM (25.152-b01 mixed mode windows-amd64 compressed oops)
Heap:
 PSYoungGen      total 59904K, used 15819K [0x00000000e0000000, 0x00000000e6180000, 0x0000000100000000)
  eden space 49152K, 14% used [0x00000000e0000000,0x00000000e06f6c18,0x00000000e3000000)
  from space 10752K, 80% used [0x00000000e3000000,0x00000000e387c140,0x00000000e3a80000)
  to   space 11264K, 0% used [0x00000000e5680000,0x00000000e5680000,0x00000000e6180000)
 ParOldGen       total 62976K, used 9017K [0x00000000a0000000, 0x00000000a3d80000, 0x00000000e0000000)
  object space 62976K, 14% used [0x00000000a0000000,0x00000000a08ce5b8,0x00000000a3d80000)
 Metaspace       used 31109K, capacity 31786K, committed 32000K, reserved 1077248K
  class space    used 4302K, capacity 4580K, committed 4608K, reserved 1048576K
GC Heap History (10 events):
Event: 13.122 GC heap before
{Heap before GC invocations=4 (full 0):
 PSYoungGen      total 38400K, used 33478K [0x00000000e0000000, 0x00000000e2a80000, 0x0000000100000000)
  eden space 33280K, 85% used [0x00000000e0000000,0x00000000e1bb7118,0x00000000e2080000)
  from space 5120K, 99% used [0x00000000e2080000,0x00000000e257a938,0x00000000e2580000)
  to   space 5120K, 0% used [0x00000000e2580000,0x00000000e2580000,0x00000000e2a80000)
 ParOldGen       total 87552K, used 3730K [0x00000000a0000000, 0x00000000a5580000, 0x00000000e0000000)
  object space 87552K, 4% used [0x00000000a0000000,0x00000000a03a4b30,0x00000000a5580000)
 Metaspace       used 20738K, capacity 21112K, committed 21248K, reserved 1067008K
  class space    used 2862K, capacity 3035K, committed 3072K, reserved 1048576K
Event: 13.148 GC heap after
Heap after GC invocations=4 (full 0):
 PSYoungGen      total 38400K, used 5104K [0x00000000e0000000, 0x00000000e2a80000, 0x0000000100000000)
  eden space 33280K, 0% used [0x00000000e0000000,0x00000000e0000000,0x00000000e2080000)
  from space 5120K, 99% used [0x00000000e2580000,0x00000000e2a7c020,0x00000000e2a80000)
  to   space 5120K, 0% used [0x00000000e2080000,0x00000000e2080000,0x00000000e2580000)
 ParOldGen       total 87552K, used 7836K [0x00000000a0000000, 0x00000000a5580000, 0x00000000e0000000)
  object space 87552K, 8% used [0x00000000a0000000,0x00000000a07a7100,0x00000000a5580000)
 Metaspace       used 20738K, capacity 21112K, committed 21248K, reserved 1067008K
  class space    used 2862K, capacity 3035K, committed 3072K, reserved 1048576K
}
Event: 13.148 GC heap before
{Heap before GC invocations=5 (full 1):
 PSYoungGen      total 38400K, used 5104K [0x00000000e0000000, 0x00000000e2a80000, 0x0000000100000000)
  eden space 33280K, 0% used [0x00000000e0000000,0x00000000e0000000,0x00000000e2080000)
  from space 5120K, 99% used [0x00000000e2580000,0x00000000e2a7c020,0x00000000e2a80000)
  to   space 5120K, 0% used [0x00000000e2080000,0x00000000e2080000,0x00000000e2580000)
 ParOldGen       total 87552K, used 7836K [0x00000000a0000000, 0x00000000a5580000, 0x00000000e0000000)
  object space 87552K, 8% used [0x00000000a0000000,0x00000000a07a7100,0x00000000a5580000)
 Metaspace       used 20738K, capacity 21112K, committed 21248K, reserved 1067008K
  class space    used 2862K, capacity 3035K, committed 3072K, reserved 1048576K
Event: 13.229 GC heap after
Heap after GC invocations=5 (full 1):
 PSYoungGen      total 38400K, used 0K [0x00000000e0000000, 0x00000000e2a80000, 0x0000000100000000)
  eden space 33280K, 0% used [0x00000000e0000000,0x00000000e0000000,0x00000000e2080000)
  from space 5120K, 0% used [0x00000000e2580000,0x00000000e2580000,0x00000000e2a80000)
  to   space 5120K, 0% used [0x00000000e2080000,0x00000000e2080000,0x00000000e2580000)
 ParOldGen       total 62976K, used 8993K [0x00000000a0000000, 0x00000000a3d80000, 0x00000000e0000000)
  object space 62976K, 14% used [0x00000000a0000000,0x00000000a08c85b8,0x00000000a3d80000)
 Metaspace       used 20738K, capacity 21112K, committed 21248K, reserved 1067008K
  class space    used 2862K, capacity 3035K, committed 3072K, reserved 1048576K
}
Event: 14.472 GC heap before
{Heap before GC invocations=6 (full 1):
 PSYoungGen      total 38400K, used 33280K [0x00000000e0000000, 0x00000000e2a80000, 0x0000000100000000)
  eden space 33280K, 100% used [0x00000000e0000000,0x00000000e2080000,0x00000000e2080000)
  from space 5120K, 0% used [0x00000000e2580000,0x00000000e2580000,0x00000000e2a80000)
  to   space 5120K, 0% used [0x00000000e2080000,0x00000000e2080000,0x00000000e2580000)
 ParOldGen       total 62976K, used 8993K [0x00000000a0000000, 0x00000000a3d80000, 0x00000000e0000000)
  object space 62976K, 14% used [0x00000000a0000000,0x00000000a08c85b8,0x00000000a3d80000)
 Metaspace       used 23345K, capacity 23706K, committed 23936K, reserved 1069056K
  class space    used 3179K, capacity 3340K, committed 3456K, reserved 1048576K
Event: 14.480 GC heap after
Heap after GC invocations=6 (full 1):
 PSYoungGen      total 38400K, used 3511K [0x00000000e0000000, 0x00000000e4800000, 0x0000000100000000)
  eden space 33280K, 0% used [0x00000000e0000000,0x00000000e0000000,0x00000000e2080000)
  from space 5120K, 68% used [0x00000000e2080000,0x00000000e23edcd0,0x00000000e2580000)
  to   space 11264K, 0% used [0x00000000e3d00000,0x00000000e3d00000,0x00000000e4800000)
 ParOldGen       total 62976K, used 9001K [0x00000000a0000000, 0x00000000a3d80000, 0x00000000e0000000)
  object space 62976K, 14% used [0x00000000a0000000,0x00000000a08ca5b8,0x00000000a3d80000)
 Metaspace       used 23345K, capacity 23706K, committed 23936K, reserved 1069056K
  class space    used 3179K, capacity 3340K, committed 3456K, reserved 1048576K
}
Event: 20.769 GC heap before
{Heap before GC invocations=7 (full 1):
 PSYoungGen      total 38400K, used 36791K [0x00000000e0000000, 0x00000000e4800000, 0x0000000100000000)
  eden space 33280K, 100% used [0x00000000e0000000,0x00000000e2080000,0x00000000e2080000)
  from space 5120K, 68% used [0x00000000e2080000,0x00000000e23edcd0,0x00000000e2580000)
  to   space 11264K, 0% used [0x00000000e3d00000,0x00000000e3d00000,0x00000000e4800000)
 ParOldGen       total 62976K, used 9001K [0x00000000a0000000, 0x00000000a3d80000, 0x00000000e0000000)
  object space 62976K, 14% used [0x00000000a0000000,0x00000000a08ca5b8,0x00000000a3d80000)
 Metaspace       used 26269K, capacity 26804K, committed 27136K, reserved 1073152K
  class space    used 3564K, capacity 3752K, committed 3840K, reserved 1048576K
Event: 20.780 GC heap after
Heap after GC invocations=7 (full 1):
 PSYoungGen      total 57344K, used 5246K [0x00000000e0000000, 0x00000000e4500000, 0x0000000100000000)
  eden space 49152K, 0% used [0x00000000e0000000,0x00000000e0000000,0x00000000e3000000)
  from space 8192K, 64% used [0x00000000e3d00000,0x00000000e421fb08,0x00000000e4500000)
  to   space 10752K, 0% used [0x00000000e3000000,0x00000000e3000000,0x00000000e3a80000)
 ParOldGen       total 62976K, used 9009K [0x00000000a0000000, 0x00000000a3d80000, 0x00000000e0000000)
  object space 62976K, 14% used [0x00000000a0000000,0x00000000a08cc5b8,0x00000000a3d80000)
 Metaspace       used 26269K, capacity 26804K, committed 27136K, reserved 1073152K
  class space    used 3564K, capacity 3752K, committed 3840K, reserved 1048576K
}
Event: 22.071 GC heap before
{Heap before GC invocations=8 (full 1):
 PSYoungGen      total 57344K, used 54398K [0x00000000e0000000, 0x00000000e4500000, 0x0000000100000000)
  eden space 49152K, 100% used [0x00000000e0000000,0x00000000e3000000,0x00000000e3000000)
  from space 8192K, 64% used [0x00000000e3d00000,0x00000000e421fb08,0x00000000e4500000)
  to   space 10752K, 0% used [0x00000000e3000000,0x00000000e3000000,0x00000000e3a80000)
 ParOldGen       total 62976K, used 9009K [0x00000000a0000000, 0x00000000a3d80000, 0x00000000e0000000)
  object space 62976K, 14% used [0x00000000a0000000,0x00000000a08cc5b8,0x00000000a3d80000)
 Metaspace       used 29337K, capacity 29962K, committed 30336K, reserved 1075200K
  class space    used 4113K, capacity 4356K, committed 4480K, reserved 1048576K
Event: 22.093 GC heap after
Heap after GC invocations=8 (full 1):
 PSYoungGen      total 59904K, used 8688K [0x00000000e0000000, 0x00000000e6180000, 0x0000000100000000)
  eden space 49152K, 0% used [0x00000000e0000000,0x00000000e0000000,0x00000000e3000000)
  from space 10752K, 80% used [0x00000000e3000000,0x00000000e387c140,0x00000000e3a80000)
  to   space 11264K, 0% used [0x00000000e5680000,0x00000000e5680000,0x00000000e6180000)
 ParOldGen       total 62976K, used 9017K [0x00000000a0000000, 0x00000000a3d80000, 0x00000000e0000000)
  object space 62976K, 14% used [0x00000000a0000000,0x00000000a08ce5b8,0x00000000a3d80000)
 Metaspace       used 29337K, capacity 29962K, committed 30336K, reserved 1075200K
  class space    used 4113K, capacity 4356K, committed 4480K, reserved 1048576K
}

